62
  0.028  0.028  0.028  0.028  0.028
2
  0.7  0.7  0.7  0.7  0.7
8
  0.205882  0.205882  0.205882  0.205882  0.205882
10
  0.166667  0.166667  0.166667  0.166667  0.166667
18
  0.0945946  0.0945946  0.0945946  0.0945946  0.0945946
16
  0.106061  0.106061  0.106061  0.106061  0.106061
22
  0.0777778  0.0777778  0.0777778  0.0777778  0.0777778
14
  0.12069  0.12069  0.12069  0.12069  0.12069
24
  0.0714286  0.0714286  0.0714286  0.0714286  0.0714286
44
  0.0393258  0.0393258  0.0393258  0.0393258  0.0393258
